<?xml version="1.0" encoding="UTF-8"?>
<testsuite xmlns:xsi="http://www.w3.org/2001/XMLSchema-instance" xsi:noNamespaceSchemaLocation="https://maven.apache.org/surefire/maven-surefire-plugin/xsd/surefire-test-report.xsd" version="3.0.1" name="com.rent.movies.PrincipalTest.RentalTest" time="0.091" tests="6" errors="0" skipped="0" failures="0">
  <properties>
[...]
</properties>
  <testcase name="testCustomers" classname="com.rent.movies.PrincipalTest.RentalTest" time="0.036"/>
  <testcase name="testStatement" classname="com.rent.movies.PrincipalTest.RentalTest" time="0.008"/>
  <testcase name="testGetFrequentRenterPoint" classname="com.rent.movies.PrincipalTest.RentalTest" time="0.002"/>
  <testcase name="testRentals" classname="com.rent.movies.PrincipalTest.RentalTest" time="0.001"/>
  <testcase name="testGetCharge" classname="com.rent.movies.PrincipalTest.RentalTest" time="0.002"/>
  <testcase name="testMovies" classname="com.rent.movies.PrincipalTest.RentalTest" time="0.001"/>
</testsuite>